{
  "stats": {
    "suites": 1,
    "tests": 2,
    "passes": 2,
    "pending": 0,
    "failures": 0,
    "start": "2026-04-16T08:35:04.277Z",
    "end": "2026-04-16T08:35:04.342Z",
    "duration": 65,
    "testsRegistered": 2,
    "passPercent": 100,
    "pendingPercent": 0,
    "other": 0,
    "hasOther": false,
    "skipped": 0,
    "hasSkipped": false
  },
  "results": [
    {
      "uuid": "f116ff22-88b7-4f54-b9cd-9f380aef687d",
      "title": "",
      "fullFile": "",
      "file": "",
      "beforeHooks": [],
      "afterHooks": [],
      "tests": [],
      "suites": [
        {
          "uuid": "104ac53d-a1fe-44a2-ba99-cc19c3726fe4",
          "title": "GET /",
          "fullFile": "/home/garv/project/nodejs-web-app/server/test/unit/index.js",
          "file": "/test/unit/index.js",
          "beforeHooks": [],
          "afterHooks": [],
          "tests": [
            {
              "title": "Should return an HTML page",
              "fullTitle": "GET / Should return an HTML page",
              "timedOut": false,
              "duration": 51,
              "state": "passed",
              "speed": "medium",
              "pass": true,
              "fail": false,
              "pending": false,
              "context": null,
              "code": "_chai.default.request(_index.default).get(\"/\").end(async (err, res) => {\n  if (err) done(err);\n  (0, _chai.expect)(res).to.be.html;\n  done();\n});",
              "err": {},
              "uuid": "31f719cb-ffcd-4434-9336-36f0d290d305",
              "parentUUID": "104ac53d-a1fe-44a2-ba99-cc19c3726fe4",
              "isHook": false,
              "skipped": false
            },
            {
              "title": "Should contain a title as an <h1> tag",
              "fullTitle": "GET / Should contain a title as an <h1> tag",
              "timedOut": false,
              "duration": 7,
              "state": "passed",
              "speed": "fast",
              "pass": true,
              "fail": false,
              "pending": false,
              "context": null,
              "code": "_chai.default.request(_index.default).get(\"/\").end(async (err, res) => {\n  if (err) done(err);\n  res.text.should.match(/<h1>.*<\\/h1>/g);\n  done();\n});",
              "err": {},
              "uuid": "721a2bbe-5295-4c16-985a-805b55c637ad",
              "parentUUID": "104ac53d-a1fe-44a2-ba99-cc19c3726fe4",
              "isHook": false,
              "skipped": false
            }
          ],
          "suites": [],
          "passes": [
            "31f719cb-ffcd-4434-9336-36f0d290d305",
            "721a2bbe-5295-4c16-985a-805b55c637ad"
          ],
          "failures": [],
          "pending": [],
          "skipped": [],
          "duration": 58,
          "root": false,
          "rootEmpty": false,
          "_timeout": 10000
        }
      ],
      "passes": [],
      "failures": [],
      "pending": [],
      "skipped": [],
      "duration": 0,
      "root": true,
      "rootEmpty": true,
      "_timeout": 10000
    }
  ],
  "meta": {
    "mocha": {
      "version": "8.3.2"
    },
    "mochawesome": {
      "options": {
        "quiet": false,
        "reportFilename": "mochawesome",
        "saveHtml": true,
        "saveJson": true,
        "consoleReporter": "spec",
        "useInlineDiffs": false,
        "code": true
      },
      "version": "6.2.2"
    },
    "marge": {
      "options": null,
      "version": "5.2.0"
    }
  }
}